app/build/intermediates/manifest_merge_blame_file/debug/manifest-merger-blame-debug-report.txt
1<?xml version="1.0" encoding="utf-8"?>
2<manifest xmlns:android="http://schemas.android.com/apk/res/android"
3    package="com.example.foodcenter"
4    android:versionCode="1"
5    android:versionName="1.0" >
6
7    <uses-sdk
8        android:minSdkVersion="22"
8-->src\main\AndroidManifest.xml
9        android:targetSdkVersion="29" />
9-->src\main\AndroidManifest.xml
10    <!--
11         The ACCESS_COARSE/FINE_LOCATION permissions are not required to use
12         Google Maps Android API v2, but you must specify either coarse or fine
13         location permissions for the 'MyLocation' functionality.
14    -->
15    <uses-permission android:name="android.permission.ACCESS_FINE_LOCATION" />
15-->src\main\AndroidManifest.xml:9:5-79
15-->src\main\AndroidManifest.xml:9:22-76
16
17    <!-- Include required permissions for Google Maps API to run. -->
18    <uses-permission android:name="android.permission.ACCESS_NETWORK_STATE" />
18-->[com.google.android.gms:play-services-maps:17.0.0] AndroidManifest.xml:23:5-79
18-->[com.google.android.gms:play-services-maps:17.0.0] AndroidManifest.xml:23:22-76
19    <uses-permission android:name="android.permission.INTERNET" />
19-->[com.google.android.gms:play-services-maps:17.0.0] AndroidManifest.xml:24:5-67
19-->[com.google.android.gms:play-services-maps:17.0.0] AndroidManifest.xml:24:22-64
20
21    <uses-feature
21-->[com.google.android.gms:play-services-maps:17.0.0] AndroidManifest.xml:26:5-28:35
22        android:glEsVersion="0x00020000"
22-->[com.google.android.gms:play-services-maps:17.0.0] AndroidManifest.xml:27:9-41
23        android:required="true" />
23-->[com.google.android.gms:play-services-maps:17.0.0] AndroidManifest.xml:28:9-32
24
25    <application
25-->src\main\AndroidManifest.xml:11:5-53:19
26        android:allowBackup="true"
26-->src\main\AndroidManifest.xml:12:9-35
27        android:appComponentFactory="androidx.core.app.CoreComponentFactory"
27-->[androidx.core:core:1.1.0] AndroidManifest.xml:24:18-86
28        android:debuggable="true"
29        android:icon="@mipmap/ic_launcher"
29-->src\main\AndroidManifest.xml:13:9-43
30        android:label="@string/app_name"
30-->src\main\AndroidManifest.xml:14:9-41
31        android:roundIcon="@mipmap/ic_launcher_round"
31-->src\main\AndroidManifest.xml:15:9-54
32        android:supportsRtl="true"
32-->src\main\AndroidManifest.xml:16:9-35
33        android:theme="@style/AppTheme" >
33-->src\main\AndroidManifest.xml:17:9-40
34        <activity
34-->src\main\AndroidManifest.xml:18:9-20:68
35            android:name="com.example.foodcenter.home"
35-->src\main\AndroidManifest.xml:19:13-33
36            android:label="@string/title_activity_home" />
36-->src\main\AndroidManifest.xml:20:13-56
37        <activity android:name="com.example.foodcenter.menu2" />
37-->src\main\AndroidManifest.xml:21:9-43
37-->src\main\AndroidManifest.xml:21:19-40
38        <activity android:name="com.example.foodcenter.menu1" />
38-->src\main\AndroidManifest.xml:22:9-43
38-->src\main\AndroidManifest.xml:22:19-40
39        <activity android:name="com.example.foodcenter.addCart" />
39-->src\main\AndroidManifest.xml:23:9-45
39-->src\main\AndroidManifest.xml:23:19-42
40        <activity android:name="com.example.foodcenter.menu" />
40-->src\main\AndroidManifest.xml:24:9-42
40-->src\main\AndroidManifest.xml:24:19-39
41        <activity android:name="com.example.foodcenter.signUp" />
41-->src\main\AndroidManifest.xml:25:9-44
41-->src\main\AndroidManifest.xml:25:19-41
42        <activity android:name="com.example.foodcenter.login" />
42-->src\main\AndroidManifest.xml:26:9-43
42-->src\main\AndroidManifest.xml:26:19-40
43        <!--
44             The API key for Google Maps-based APIs is defined as a string resource.
45             (See the file "res/values/google_maps_api.xml").
46             Note that the API key is linked to the encryption key used to sign the APK.
47             You need a different API key for each encryption key, including the release key that is used to
48             sign the APK for publishing.
49             You can define the keys for the debug and release targets in src/debug/ and src/release/.
50        -->
51        <meta-data
51-->src\main\AndroidManifest.xml:35:9-37:55
52            android:name="com.google.android.geo.API_KEY"
52-->src\main\AndroidManifest.xml:36:13-58
53            android:value="@string/google_maps_key" />
53-->src\main\AndroidManifest.xml:37:13-52
54
55        <activity
55-->src\main\AndroidManifest.xml:39:9-41:62
56            android:name="com.example.foodcenter.mapcity"
56-->src\main\AndroidManifest.xml:40:13-36
57            android:label="@string/title_activity_mapcity" />
57-->src\main\AndroidManifest.xml:41:13-59
58        <activity android:name="com.example.foodcenter.MainActivity" >
58-->src\main\AndroidManifest.xml:42:9-48:20
58-->src\main\AndroidManifest.xml:42:19-47
59            <intent-filter>
59-->src\main\AndroidManifest.xml:43:13-47:29
60                <action android:name="android.intent.action.MAIN" />
60-->src\main\AndroidManifest.xml:44:17-69
60-->src\main\AndroidManifest.xml:44:25-66
61
62                <category android:name="android.intent.category.LAUNCHER" />
62-->src\main\AndroidManifest.xml:46:17-77
62-->src\main\AndroidManifest.xml:46:27-74
63            </intent-filter>
64        </activity>
65
66        <meta-data
66-->src\main\AndroidManifest.xml:50:9-52:57
67            android:name="preloaded_fonts"
67-->src\main\AndroidManifest.xml:51:13-43
68            android:resource="@array/preloaded_fonts" />
68-->src\main\AndroidManifest.xml:52:13-54
69        <!-- Needs to be explicitly declared on P+ -->
70        <uses-library
70-->[com.google.android.gms:play-services-maps:17.0.0] AndroidManifest.xml:33:9-35:40
71            android:name="org.apache.http.legacy"
71-->[com.google.android.gms:play-services-maps:17.0.0] AndroidManifest.xml:34:13-50
72            android:required="false" />
72-->[com.google.android.gms:play-services-maps:17.0.0] AndroidManifest.xml:35:13-37
73
74        <service
74-->[com.google.firebase:firebase-database:19.2.0] AndroidManifest.xml:29:9-35:19
75            android:name="com.google.firebase.components.ComponentDiscoveryService"
75-->[com.google.firebase:firebase-database:19.2.0] AndroidManifest.xml:30:13-84
76            android:directBootAware="true"
76-->[com.google.firebase:firebase-common:19.3.0] AndroidManifest.xml:34:13-43
77            android:exported="false" >
77-->[com.google.firebase:firebase-database:19.2.0] AndroidManifest.xml:31:13-37
78            <meta-data
78-->[com.google.firebase:firebase-database:19.2.0] AndroidManifest.xml:32:13-34:85
79                android:name="com.google.firebase.components:com.google.firebase.database.DatabaseRegistrar"
79-->[com.google.firebase:firebase-database:19.2.0] AndroidManifest.xml:33:17-109
80                android:value="com.google.firebase.components.ComponentRegistrar" />
80-->[com.google.firebase:firebase-database:19.2.0] AndroidManifest.xml:34:17-82
81            <meta-data
81-->[com.google.firebase:firebase-auth:19.2.0] AndroidManifest.xml:36:13-38:85
82                android:name="com.google.firebase.components:com.google.firebase.auth.FirebaseAuthRegistrar"
82-->[com.google.firebase:firebase-auth:19.2.0] AndroidManifest.xml:37:17-109
83                android:value="com.google.firebase.components.ComponentRegistrar" />
83-->[com.google.firebase:firebase-auth:19.2.0] AndroidManifest.xml:38:17-82
84        </service>
85
86        <activity
86-->[com.google.firebase:firebase-auth:19.2.0] AndroidManifest.xml:24:9-31:50
87            android:name="com.google.firebase.auth.internal.FederatedSignInActivity"
87-->[com.google.firebase:firebase-auth:19.2.0] AndroidManifest.xml:25:13-85
88            android:excludeFromRecents="true"
88-->[com.google.firebase:firebase-auth:19.2.0] AndroidManifest.xml:26:13-46
89            android:exported="true"
89-->[com.google.firebase:firebase-auth:19.2.0] AndroidManifest.xml:27:13-36
90            android:launchMode="singleTask"
90-->[com.google.firebase:firebase-auth:19.2.0] AndroidManifest.xml:28:13-44
91            android:permission="com.google.firebase.auth.api.gms.permission.LAUNCH_FEDERATED_SIGN_IN"
91-->[com.google.firebase:firebase-auth:19.2.0] AndroidManifest.xml:29:13-102
92            android:theme="@android:style/Theme.Translucent.NoTitleBar" />
92-->[com.google.firebase:firebase-auth:19.2.0] AndroidManifest.xml:30:13-72
93        <activity
93-->[com.google.android.gms:play-services-base:17.1.0] AndroidManifest.xml:23:9-26:75
94            android:name="com.google.android.gms.common.api.GoogleApiActivity"
94-->[com.google.android.gms:play-services-base:17.1.0] AndroidManifest.xml:24:13-79
95            android:exported="false"
95-->[com.google.android.gms:play-services-base:17.1.0] AndroidManifest.xml:25:13-37
96            android:theme="@android:style/Theme.Translucent.NoTitleBar" />
96-->[com.google.android.gms:play-services-base:17.1.0] AndroidManifest.xml:26:13-72
97
98        <provider
98-->[com.google.firebase:firebase-common:19.3.0] AndroidManifest.xml:26:9-30:39
99            android:name="com.google.firebase.provider.FirebaseInitProvider"
99-->[com.google.firebase:firebase-common:19.3.0] AndroidManifest.xml:27:13-77
100            android:authorities="com.example.foodcenter.firebaseinitprovider"
100-->[com.google.firebase:firebase-common:19.3.0] AndroidManifest.xml:28:13-72
101            android:exported="false"
101-->[com.google.firebase:firebase-common:19.3.0] AndroidManifest.xml:29:13-37
102            android:initOrder="100" />
102-->[com.google.firebase:firebase-common:19.3.0] AndroidManifest.xml:30:13-36
103
104        <meta-data
104-->[com.google.android.gms:play-services-basement:17.0.0] AndroidManifest.xml:23:9-25:69
105            android:name="com.google.android.gms.version"
105-->[com.google.android.gms:play-services-basement:17.0.0] AndroidManifest.xml:24:13-58
106            android:value="@integer/google_play_services_version" />
106-->[com.google.android.gms:play-services-basement:17.0.0] AndroidManifest.xml:25:13-66
107
108        <provider
108-->[androidx.lifecycle:lifecycle-process:2.0.0] AndroidManifest.xml:23:9-27:43
109            android:name="androidx.lifecycle.ProcessLifecycleOwnerInitializer"
109-->[androidx.lifecycle:lifecycle-process:2.0.0] AndroidManifest.xml:24:13-79
110            android:authorities="com.example.foodcenter.lifecycle-process"
110-->[androidx.lifecycle:lifecycle-process:2.0.0] AndroidManifest.xml:25:13-69
111            android:exported="false"
111-->[androidx.lifecycle:lifecycle-process:2.0.0] AndroidManifest.xml:26:13-37
112            android:multiprocess="true" />
112-->[androidx.lifecycle:lifecycle-process:2.0.0] AndroidManifest.xml:27:13-40
113    </application>
114
115</manifest>